h:\c++\direct2dgamedemo\direct2dgamedemo\debug\vc141.pdb
h:\c++\direct2dgamedemo\direct2dgamedemo\debug\vc141.idb
h:\c++\direct2dgamedemo\direct2dgamedemo\debug\tinystr.obj
h:\c++\direct2dgamedemo\direct2dgamedemo\debug\tinyxml.obj
h:\c++\direct2dgamedemo\direct2dgamedemo\debug\tinyxmlerror.obj
h:\c++\direct2dgamedemo\direct2dgamedemo\debug\tinyxmlparser.obj
h:\c++\direct2dgamedemo\direct2dgamedemo\debug\beginif.obj
h:\c++\direct2dgamedemo\direct2dgamedemo\debug\cdnf.obj
h:\c++\direct2dgamedemo\direct2dgamedemo\debug\cengine.obj
h:\c++\direct2dgamedemo\direct2dgamedemo\debug\door.obj
h:\c++\direct2dgamedemo\direct2dgamedemo\debug\doormgr.obj
h:\c++\direct2dgamedemo\direct2dgamedemo\debug\dundeon.obj
h:\c++\direct2dgamedemo\direct2dgamedemo\debug\gamemain.obj
h:\c++\direct2dgamedemo\direct2dgamedemo\debug\guicontrols.obj
h:\c++\direct2dgamedemo\direct2dgamedemo\debug\main.obj
h:\c++\direct2dgamedemo\direct2dgamedemo\debug\map.obj
h:\c++\direct2dgamedemo\direct2dgamedemo\debug\monster.obj
h:\c++\direct2dgamedemo\direct2dgamedemo\debug\monstermgr.obj
h:\c++\direct2dgamedemo\direct2dgamedemo\debug\role.obj
h:\c++\direct2dgamedemo\direct2dgamedemo\debug\skill.obj
h:\c++\direct2dgamedemo\direct2dgamedemo\debug\skillmgr.obj
h:\c++\direct2dgamedemo\direct2dgamedemo\debug\town.obj
h:\c++\direct2dgamedemo\direct2dgamedemo\debug\animation.obj
h:\c++\direct2dgamedemo\direct2dgamedemo\debug\animationmgr.obj
h:\c++\direct2dgamedemo\direct2dgamedemo\debug\cinput.obj
h:\c++\direct2dgamedemo\direct2dgamedemo\debug\npc.obj
h:\c++\direct2dgamedemo\direct2dgamedemo\debug\npcmgr.obj
h:\c++\direct2dgamedemo\direct2dgamedemo\debug\dungeon.obj
h:\c++\direct2dgamedemo\debug\direct2dgamedemo.exe
h:\c++\direct2dgamedemo\debug\direct2dgamedemo.ilk
h:\c++\direct2dgamedemo\debug\direct2dgamedemo.pdb
h:\c++\direct2dgamedemo\direct2dgamedemo\debug\cdnf.obj.enc
h:\c++\direct2dgamedemo\direct2dgamedemo\debug\direct2dgamedemo.tlog\cl.command.1.tlog
h:\c++\direct2dgamedemo\direct2dgamedemo\debug\direct2dgamedemo.tlog\cl.read.1.tlog
h:\c++\direct2dgamedemo\direct2dgamedemo\debug\direct2dgamedemo.tlog\cl.write.1.tlog
h:\c++\direct2dgamedemo\direct2dgamedemo\debug\direct2dgamedemo.tlog\link.command.1.tlog
h:\c++\direct2dgamedemo\direct2dgamedemo\debug\direct2dgamedemo.tlog\link.read.1.tlog
h:\c++\direct2dgamedemo\direct2dgamedemo\debug\direct2dgamedemo.tlog\link.write.1.tlog
